  [1m[35m (269.2ms)[0m  [1m[35mCREATE DATABASE "qidz_test_development" ENCODING = 'unicode'[0m
  [1m[35m (109.0ms)[0m  [1m[35mCREATE DATABASE "qidz_test_test" ENCODING = 'unicode'[0m
  [1m[35m (16.8ms)[0m  [1m[35mCREATE TABLE "schema_migrations" ("version" character varying NOT NULL PRIMARY KEY)[0m
  [1m[35m (11.3ms)[0m  [1m[35mCREATE TABLE "ar_internal_metadata" ("key" character varying NOT NULL PRIMARY KEY, "value" character varying, "created_at" timestamp(6) NOT NULL, "updated_at" timestamp(6) NOT NULL)[0m
  [1m[35m (1.0ms)[0m  [1m[34mSELECT pg_try_advisory_lock(4655913620019261705)[0m
  [1m[35m (0.4ms)[0m  [1m[34mSELECT "schema_migrations"."version" FROM "schema_migrations" ORDER BY "schema_migrations"."version" ASC[0m
Migrating to CreateMovies (20210927184852)
  [1m[35m (0.2ms)[0m  [1m[35mBEGIN[0m
  [1m[35m (9.9ms)[0m  [1m[35mCREATE TABLE "movies" ("id" bigserial primary key, "description" character varying, "year" integer, "director" character varying, "film_location" character varying, "country" character varying, "created_at" timestamp(6) NOT NULL, "updated_at" timestamp(6) NOT NULL)[0m
  [1m[36mActiveRecord::SchemaMigration Create (0.4ms)[0m  [1m[32mINSERT INTO "schema_migrations" ("version") VALUES ($1) RETURNING "version"[0m  [["version", "20210927184852"]]
  [1m[35m (1.2ms)[0m  [1m[35mCOMMIT[0m
Migrating to AddMovieNameToMovies (20210927185931)
  [1m[35m (0.2ms)[0m  [1m[35mBEGIN[0m
  [1m[35m (0.5ms)[0m  [1m[35mALTER TABLE "movies" ADD "name" character varying[0m
  [1m[36mActiveRecord::SchemaMigration Create (0.2ms)[0m  [1m[32mINSERT INTO "schema_migrations" ("version") VALUES ($1) RETURNING "version"[0m  [["version", "20210927185931"]]
  [1m[35m (1.1ms)[0m  [1m[35mCOMMIT[0m
  [1m[36mActiveRecord::InternalMetadata Load (0.3ms)[0m  [1m[34mSELECT "ar_internal_metadata".* FROM "ar_internal_metadata" WHERE "ar_internal_metadata"."key" = $1 LIMIT $2[0m  [["key", "environment"], ["LIMIT", 1]]
  [1m[35m (0.1ms)[0m  [1m[35mBEGIN[0m
  [1m[36mActiveRecord::InternalMetadata Create (0.4ms)[0m  [1m[32mINSERT INTO "ar_internal_metadata" ("key", "value", "created_at", "updated_at") VALUES ($1, $2, $3, $4) RETURNING "key"[0m  [["key", "environment"], ["value", "development"], ["created_at", "2021-09-27 18:59:41.781480"], ["updated_at", "2021-09-27 18:59:41.781480"]]
  [1m[35m (1.4ms)[0m  [1m[35mCOMMIT[0m
  [1m[35m (0.7ms)[0m  [1m[34mSELECT pg_advisory_unlock(4655913620019261705)[0m
  [1m[35m (0.4ms)[0m  [1m[34mSELECT "schema_migrations"."version" FROM "schema_migrations" ORDER BY "schema_migrations"."version" ASC[0m
Started GET "/" for ::1 at 2021-09-27 21:04:01 +0200
  [1m[35m (0.7ms)[0m  [1m[34mSELECT "schema_migrations"."version" FROM "schema_migrations" ORDER BY "schema_migrations"."version" ASC[0m
  
ActiveRecord::PendingMigrationError (

Migrations are pending. To resolve this issue, run:

        rails db:migrate RAILS_ENV=development

):
  
activerecord (6.0.4.1) lib/active_record/migration.rb:586:in `check_pending!'
activerecord (6.0.4.1) lib/active_record/migration.rb:564:in `call'
actionpack (6.0.4.1) lib/action_dispatch/middleware/callbacks.rb:27:in `block in call'
activesupport (6.0.4.1) lib/active_support/callbacks.rb:101:in `run_callbacks'
actionpack (6.0.4.1) lib/action_dispatch/middleware/callbacks.rb:26:in `call'
actionpack (6.0.4.1) lib/action_dispatch/middleware/executor.rb:14:in `call'
actionpack (6.0.4.1) lib/action_dispatch/middleware/actionable_exceptions.rb:18:in `call'
actionpack (6.0.4.1) lib/action_dispatch/middleware/debug_exceptions.rb:32:in `call'
web-console (4.1.0) lib/web_console/middleware.rb:132:in `call_app'
web-console (4.1.0) lib/web_console/middleware.rb:28:in `block in call'
web-console (4.1.0) lib/web_console/middleware.rb:17:in `catch'
web-console (4.1.0) lib/web_console/middleware.rb:17:in `call'
actionpack (6.0.4.1) lib/action_dispatch/middleware/show_exceptions.rb:33:in `call'
railties (6.0.4.1) lib/rails/rack/logger.rb:37:in `call_app'
railties (6.0.4.1) lib/rails/rack/logger.rb:26:in `block in call'
activesupport (6.0.4.1) lib/active_support/tagged_logging.rb:80:in `block in tagged'
activesupport (6.0.4.1) lib/active_support/tagged_logging.rb:28:in `tagged'
activesupport (6.0.4.1) lib/active_support/tagged_logging.rb:80:in `tagged'
railties (6.0.4.1) lib/rails/rack/logger.rb:26:in `call'
sprockets-rails (3.2.2) lib/sprockets/rails/quiet_assets.rb:13:in `call'
actionpack (6.0.4.1) lib/action_dispatch/middleware/remote_ip.rb:81:in `call'
actionpack (6.0.4.1) lib/action_dispatch/middleware/request_id.rb:27:in `call'
rack (2.2.3) lib/rack/method_override.rb:24:in `call'
rack (2.2.3) lib/rack/runtime.rb:22:in `call'
activesupport (6.0.4.1) lib/active_support/cache/strategy/local_cache_middleware.rb:29:in `call'
actionpack (6.0.4.1) lib/action_dispatch/middleware/executor.rb:14:in `call'
actionpack (6.0.4.1) lib/action_dispatch/middleware/static.rb:126:in `call'
rack (2.2.3) lib/rack/sendfile.rb:110:in `call'
actionpack (6.0.4.1) lib/action_dispatch/middleware/host_authorization.rb:82:in `call'
webpacker (4.3.0) lib/webpacker/dev_server_proxy.rb:23:in `perform_request'
rack-proxy (0.7.0) lib/rack/proxy.rb:63:in `call'
railties (6.0.4.1) lib/rails/engine.rb:527:in `call'
puma (4.3.8) lib/puma/configuration.rb:228:in `call'
puma (4.3.8) lib/puma/server.rb:718:in `handle_request'
puma (4.3.8) lib/puma/server.rb:472:in `process_client'
puma (4.3.8) lib/puma/server.rb:328:in `block in run'
puma (4.3.8) lib/puma/thread_pool.rb:134:in `block in spawn_thread'
  [1m[35m (0.2ms)[0m  [1m[34mSELECT pg_try_advisory_lock(4655913620019261705)[0m
  [1m[35m (0.4ms)[0m  [1m[34mSELECT "schema_migrations"."version" FROM "schema_migrations" ORDER BY "schema_migrations"."version" ASC[0m
Migrating to CreateReviews (20210927190313)
  [1m[35m (0.2ms)[0m  [1m[34mSELECT pg_advisory_unlock(4655913620019261705)[0m
  [1m[35m (0.1ms)[0m  [1m[34mSELECT pg_try_advisory_lock(4655913620019261705)[0m
  [1m[35m (0.4ms)[0m  [1m[34mSELECT "schema_migrations"."version" FROM "schema_migrations" ORDER BY "schema_migrations"."version" ASC[0m
Migrating to CreateReviews (20210927190313)
  [1m[35m (0.1ms)[0m  [1m[35mBEGIN[0m
  [1m[35m (9.7ms)[0m  [1m[35mCREATE TABLE "reviews" ("id" bigserial primary key, "movie" character varying, "user" character varying, "stars" character varying, "review" character varying, "created_at" timestamp(6) NOT NULL, "updated_at" timestamp(6) NOT NULL)[0m
  [1m[36mActiveRecord::SchemaMigration Create (0.3ms)[0m  [1m[32mINSERT INTO "schema_migrations" ("version") VALUES ($1) RETURNING "version"[0m  [["version", "20210927190313"]]
  [1m[35m (1.5ms)[0m  [1m[35mCOMMIT[0m
  [1m[36mActiveRecord::InternalMetadata Load (0.3ms)[0m  [1m[34mSELECT "ar_internal_metadata".* FROM "ar_internal_metadata" WHERE "ar_internal_metadata"."key" = $1 LIMIT $2[0m  [["key", "environment"], ["LIMIT", 1]]
  [1m[35m (0.2ms)[0m  [1m[34mSELECT pg_advisory_unlock(4655913620019261705)[0m
  [1m[35m (0.5ms)[0m  [1m[34mSELECT "schema_migrations"."version" FROM "schema_migrations" ORDER BY "schema_migrations"."version" ASC[0m
Started GET "/" for ::1 at 2021-09-27 21:04:48 +0200
  [1m[35m (0.5ms)[0m  [1m[34mSELECT "schema_migrations"."version" FROM "schema_migrations" ORDER BY "schema_migrations"."version" ASC[0m
Processing by Rails::WelcomeController#index as HTML
  Rendering /usr/share/rvm/gems/ruby-2.6.8/gems/railties-6.0.4.1/lib/rails/templates/rails/welcome/index.html.erb
  Rendered /usr/share/rvm/gems/ruby-2.6.8/gems/railties-6.0.4.1/lib/rails/templates/rails/welcome/index.html.erb (Duration: 6.2ms | Allocations: 308)
Completed 200 OK in 12ms (Views: 7.6ms | ActiveRecord: 0.0ms | Allocations: 2148)


Started GET "/movies/new" for ::1 at 2021-09-27 21:05:44 +0200
Processing by MoviesController#new as HTML
  Rendering movies/new.html.erb within layouts/application
  Rendered movies/_form.html.erb (Duration: 11.5ms | Allocations: 6174)
  Rendered movies/new.html.erb within layouts/application (Duration: 12.4ms | Allocations: 6540)
[Webpacker] Compiling...
[Webpacker] Compiled all packs in /home/hossam/qidz_test/public/packs
[Webpacker] Though the "loose" option was set to "false" in your @babel/preset-env config, it will not be used for @babel/plugin-proposal-private-property-in-object since the "loose" mode option was set to "true" for @babel/plugin-proposal-class-properties.
The "loose" option must be the same for @babel/plugin-proposal-class-properties, @babel/plugin-proposal-private-methods and @babel/plugin-proposal-private-property-in-object (when they are enabled): you can silence this warning by explicitly adding
	["@babel/plugin-proposal-private-property-in-object", { "loose": true }]
to the "plugins" section of your Babel config.
Though the "loose" option was set to "false" in your @babel/preset-env config, it will not be used for @babel/plugin-proposal-private-methods since the "loose" mode option was set to "true" for @babel/plugin-proposal-private-property-in-object.
The "loose" option must be the same for @babel/plugin-proposal-class-properties, @babel/plugin-proposal-private-methods and @babel/plugin-proposal-private-property-in-object (when they are enabled): you can silence this warning by explicitly adding
	["@babel/plugin-proposal-private-methods", { "loose": true }]
to the "plugins" section of your Babel config.
Though the "loose" option was set to "false" in your @babel/preset-env config, it will not be used for @babel/plugin-proposal-private-property-in-object since the "loose" mode option was set to "true" for @babel/plugin-proposal-class-properties.
The "loose" option must be the same for @babel/plugin-proposal-class-properties, @babel/plugin-proposal-private-methods and @babel/plugin-proposal-private-property-in-object (when they are enabled): you can silence this warning by explicitly adding
	["@babel/plugin-proposal-private-property-in-object", { "loose": true }]
to the "plugins" section of your Babel config.
Though the "loose" option was set to "false" in your @babel/preset-env config, it will not be used for @babel/plugin-proposal-private-methods since the "loose" mode option was set to "true" for @babel/plugin-proposal-private-property-in-object.
The "loose" option must be the same for @babel/plugin-proposal-class-properties, @babel/plugin-proposal-private-methods and @babel/plugin-proposal-private-property-in-object (when they are enabled): you can silence this warning by explicitly adding
	["@babel/plugin-proposal-private-methods", { "loose": true }]
to the "plugins" section of your Babel config.
Though the "loose" option was set to "false" in your @babel/preset-env config, it will not be used for @babel/plugin-proposal-private-property-in-object since the "loose" mode option was set to "true" for @babel/plugin-proposal-class-properties.
The "loose" option must be the same for @babel/plugin-proposal-class-properties, @babel/plugin-proposal-private-methods and @babel/plugin-proposal-private-property-in-object (when they are enabled): you can silence this warning by explicitly adding
	["@babel/plugin-proposal-private-property-in-object", { "loose": true }]
to the "plugins" section of your Babel config.
Though the "loose" option was set to "false" in your @babel/preset-env config, it will not be used for @babel/plugin-proposal-private-methods since the "loose" mode option was set to "true" for @babel/plugin-proposal-private-property-in-object.
The "loose" option must be the same for @babel/plugin-proposal-class-properties, @babel/plugin-proposal-private-methods and @babel/plugin-proposal-private-property-in-object (when they are enabled): you can silence this warning by explicitly adding
	["@babel/plugin-proposal-private-methods", { "loose": true }]
to the "plugins" section of your Babel config.
Though the "loose" option was set to "false" in your @babel/preset-env config, it will not be used for @babel/plugin-proposal-private-property-in-object since the "loose" mode option was set to "true" for @babel/plugin-proposal-class-properties.
The "loose" option must be the same for @babel/plugin-proposal-class-properties, @babel/plugin-proposal-private-methods and @babel/plugin-proposal-private-property-in-object (when they are enabled): you can silence this warning by explicitly adding
	["@babel/plugin-proposal-private-property-in-object", { "loose": true }]
to the "plugins" section of your Babel config.
Though the "loose" option was set to "false" in your @babel/preset-env config, it will not be used for @babel/plugin-proposal-private-methods since the "loose" mode option was set to "true" for @babel/plugin-proposal-private-property-in-object.
The "loose" option must be the same for @babel/plugin-proposal-class-properties, @babel/plugin-proposal-private-methods and @babel/plugin-proposal-private-property-in-object (when they are enabled): you can silence this warning by explicitly adding
	["@babel/plugin-proposal-private-methods", { "loose": true }]
to the "plugins" section of your Babel config.
Though the "loose" option was set to "false" in your @babel/preset-env config, it will not be used for @babel/plugin-proposal-private-property-in-object since the "loose" mode option was set to "true" for @babel/plugin-proposal-class-properties.
The "loose" option must be the same for @babel/plugin-proposal-class-properties, @babel/plugin-proposal-private-methods and @babel/plugin-proposal-private-property-in-object (when they are enabled): you can silence this warning by explicitly adding
	["@babel/plugin-proposal-private-property-in-object", { "loose": true }]
to the "plugins" section of your Babel config.
Though the "loose" option was set to "false" in your @babel/preset-env config, it will not be used for @babel/plugin-proposal-private-methods since the "loose" mode option was set to "true" for @babel/plugin-proposal-private-property-in-object.
The "loose" option must be the same for @babel/plugin-proposal-class-properties, @babel/plugin-proposal-private-methods and @babel/plugin-proposal-private-property-in-object (when they are enabled): you can silence this warning by explicitly adding
	["@babel/plugin-proposal-private-methods", { "loose": true }]
to the "plugins" section of your Babel config.
Though the "loose" option was set to "false" in your @babel/preset-env config, it will not be used for @babel/plugin-proposal-private-property-in-object since the "loose" mode option was set to "true" for @babel/plugin-proposal-class-properties.
The "loose" option must be the same for @babel/plugin-proposal-class-properties, @babel/plugin-proposal-private-methods and @babel/plugin-proposal-private-property-in-object (when they are enabled): you can silence this warning by explicitly adding
	["@babel/plugin-proposal-private-property-in-object", { "loose": true }]
to the "plugins" section of your Babel config.
Though the "loose" option was set to "false" in your @babel/preset-env config, it will not be used for @babel/plugin-proposal-private-methods since the "loose" mode option was set to "true" for @babel/plugin-proposal-private-property-in-object.
The "loose" option must be the same for @babel/plugin-proposal-class-properties, @babel/plugin-proposal-private-methods and @babel/plugin-proposal-private-property-in-object (when they are enabled): you can silence this warning by explicitly adding
	["@babel/plugin-proposal-private-methods", { "loose": true }]
to the "plugins" section of your Babel config.

[Webpacker] Hash: bdff1afdfbe7c189d484
Version: webpack 4.46.0
Time: 1284ms
Built at: 09/27/2021 9:05:46 PM
                                     Asset       Size       Chunks                         Chunk Names
    js/application-a860ea931ce4c057e219.js    124 KiB  application  [emitted] [immutable]  application
js/application-a860ea931ce4c057e219.js.map    139 KiB  application  [emitted] [dev]        application
                             manifest.json  364 bytes               [emitted]              
Entrypoint application = js/application-a860ea931ce4c057e219.js js/application-a860ea931ce4c057e219.js.map
[./app/javascript/channels sync recursive _channel\.js$] ./app/javascript/channels sync _channel\.js$ 160 bytes {application} [built]
[./app/javascript/channels/index.js] 211 bytes {application} [built]
[./app/javascript/packs/application.js] 749 bytes {application} [built]
[./node_modules/webpack/buildin/module.js] (webpack)/buildin/module.js 552 bytes {application} [built]
    + 3 hidden modules

Completed 200 OK in 2392ms (Views: 2373.1ms | ActiveRecord: 4.5ms | Allocations: 37560)


Started GET "/movies/new" for ::1 at 2021-09-27 21:09:29 +0200
Processing by MoviesController#new as HTML
Completed 500 Internal Server Error in 9ms (ActiveRecord: 0.0ms | Allocations: 4173)


  
NoMethodError (undefined method `import' for #<Class:0x00007fab3c1b3d68>):
  
app/models/movie.rb:3:in `<class:Movie>'
app/models/movie.rb:1:in `<main>'
app/controllers/movies_controller.rb:15:in `new'
Started GET "/movies/new" for ::1 at 2021-09-27 21:09:36 +0200
Processing by MoviesController#new as HTML
  Rendering movies/new.html.erb within layouts/application
  Rendered movies/_form.html.erb (Duration: 2.2ms | Allocations: 1367)
  Rendered movies/new.html.erb within layouts/application (Duration: 2.4ms | Allocations: 1461)
[Webpacker] Everything's up-to-date. Nothing to do
Completed 200 OK in 16ms (Views: 5.6ms | ActiveRecord: 2.2ms | Allocations: 11955)


Started POST "/movies" for ::1 at 2021-09-27 21:10:04 +0200
Processing by MoviesController#create as HTML
  Parameters: {"authenticity_token"=>"20fA6tKpw7qkOgeNePn0gvVyxzNwLv9fFd8gwxi+hl4CRNG/tmv0rLtKwFC73h2Fem5wrTyOwPGWDjpnpECJKw==", "movie"=>{"description"=>"my fav film", "year"=>"2000", "director"=>"hossam", "film_location"=>"us", "country"=>"us"}, "commit"=>"Create Movie"}
  [1m[35m (0.2ms)[0m  [1m[35mBEGIN[0m
  ↳ app/controllers/movies_controller.rb:27:in `block in create'
  [1m[36mMovie Create (0.6ms)[0m  [1m[32mINSERT INTO "movies" ("description", "year", "director", "film_location", "country", "created_at", "updated_at") VALUES ($1, $2, $3, $4, $5, $6, $7) RETURNING "id"[0m  [["description", "my fav film"], ["year", 2000], ["director", "hossam"], ["film_location", "us"], ["country", "us"], ["created_at", "2021-09-27 19:10:04.063397"], ["updated_at", "2021-09-27 19:10:04.063397"]]
  ↳ app/controllers/movies_controller.rb:27:in `block in create'
  [1m[35m (1.1ms)[0m  [1m[35mCOMMIT[0m
  ↳ app/controllers/movies_controller.rb:27:in `block in create'
Redirected to http://localhost:3000/movies/1
Completed 302 Found in 8ms (ActiveRecord: 1.9ms | Allocations: 3617)


Started GET "/movies/1" for ::1 at 2021-09-27 21:10:04 +0200
Processing by MoviesController#show as HTML
  Parameters: {"id"=>"1"}
  [1m[36mMovie Load (0.3ms)[0m  [1m[34mSELECT "movies".* FROM "movies" WHERE "movies"."id" = $1 LIMIT $2[0m  [["id", 1], ["LIMIT", 1]]
  ↳ app/controllers/movies_controller.rb:62:in `set_movie'
  Rendering movies/show.html.erb within layouts/application
  Rendered movies/show.html.erb within layouts/application (Duration: 0.7ms | Allocations: 334)
[Webpacker] Everything's up-to-date. Nothing to do
Completed 200 OK in 9ms (Views: 4.5ms | ActiveRecord: 0.5ms | Allocations: 5450)


Started GET "/movies" for ::1 at 2021-09-27 21:10:07 +0200
Processing by MoviesController#index as HTML
  Rendering movies/index.html.erb within layouts/application
  [1m[36mMovie Load (0.3ms)[0m  [1m[34mSELECT "movies".* FROM "movies"[0m
  ↳ app/views/movies/index.html.erb:18
  Rendered movies/index.html.erb within layouts/application (Duration: 2.7ms | Allocations: 1145)
[Webpacker] Everything's up-to-date. Nothing to do
Completed 200 OK in 19ms (Views: 17.5ms | ActiveRecord: 0.3ms | Allocations: 5174)


Started GET "/" for ::1 at 2021-09-27 21:21:42 +0200
  [1m[35m (0.6ms)[0m  [1m[34mSELECT "schema_migrations"."version" FROM "schema_migrations" ORDER BY "schema_migrations"."version" ASC[0m
Processing by Rails::WelcomeController#index as HTML
  Rendering /usr/share/rvm/gems/ruby-2.6.8/gems/railties-6.0.4.1/lib/rails/templates/rails/welcome/index.html.erb
  Rendered /usr/share/rvm/gems/ruby-2.6.8/gems/railties-6.0.4.1/lib/rails/templates/rails/welcome/index.html.erb (Duration: 6.3ms | Allocations: 308)
Completed 200 OK in 13ms (Views: 8.1ms | ActiveRecord: 0.0ms | Allocations: 2239)


Started GET "/movies" for ::1 at 2021-09-27 21:21:47 +0200
Processing by MoviesController#index as HTML
  Rendering movies/index.html.erb within layouts/application
  [1m[36mMovie Load (1.0ms)[0m  [1m[34mSELECT "movies".* FROM "movies"[0m
  ↳ app/views/movies/index.html.erb:18
  Rendered movies/index.html.erb within layouts/application (Duration: 21.3ms | Allocations: 8488)
[Webpacker] Everything's up-to-date. Nothing to do
Completed 200 OK in 40ms (Views: 30.8ms | ActiveRecord: 5.3ms | Allocations: 16905)


Started POST "/movies/import" for ::1 at 2021-09-27 21:23:06 +0200
Processing by MoviesController#import as HTML
  Parameters: {"authenticity_token"=>"5b9KJS4Dut9txnWXVBoT8KzTPC0sxvAb+GJ2oLAPPdI8vFtwSsGNyXK2skqXPfr3I8+Ls2Bmz7V7s2wEDPEypw==", "file"=>#<ActionDispatch::Http::UploadedFile:0x00007f18340c2378 @tempfile=#<Tempfile:/tmp/RackMultipart20210927-21066-18tpkrn.csv>, @original_filename="movies.csv", @content_type="text/csv", @headers="Content-Disposition: form-data; name=\"file\"; filename=\"movies.csv\"\r\nContent-Type: text/csv\r\n">, "commit"=>"upload companies"}
Completed 500 Internal Server Error in 2ms (ActiveRecord: 0.0ms | Allocations: 1389)


  
ActiveModel::UnknownAttributeError (unknown attribute 'Movie' for Movie.):
  
app/models/movie.rb:5:in `block in import'
app/models/movie.rb:3:in `import'
app/controllers/movies_controller.rb:60:in `import'
Started POST "/movies/import" for ::1 at 2021-09-27 21:26:14 +0200
Processing by MoviesController#import as HTML
  Parameters: {"authenticity_token"=>"5b9KJS4Dut9txnWXVBoT8KzTPC0sxvAb+GJ2oLAPPdI8vFtwSsGNyXK2skqXPfr3I8+Ls2Bmz7V7s2wEDPEypw==", "file"=>#<ActionDispatch::Http::UploadedFile:0x00007f182c4c8560 @tempfile=#<Tempfile:/tmp/RackMultipart20210927-21066-ewhn0e.csv>, @original_filename="movies.csv", @content_type="text/csv", @headers="Content-Disposition: form-data; name=\"file\"; filename=\"movies.csv\"\r\nContent-Type: text/csv\r\n">, "commit"=>"upload companies"}
Completed 500 Internal Server Error in 2ms (ActiveRecord: 0.0ms | Allocations: 1388)


  
ActiveModel::UnknownAttributeError (unknown attribute 'movie' for Movie.):
  
app/models/movie.rb:5:in `block in import'
app/models/movie.rb:3:in `import'
app/controllers/movies_controller.rb:60:in `import'
  [1m[35m (0.2ms)[0m  [1m[34mSELECT pg_try_advisory_lock(4655913620019261705)[0m
  [1m[35m (0.4ms)[0m  [1m[34mSELECT "schema_migrations"."version" FROM "schema_migrations" ORDER BY "schema_migrations"."version" ASC[0m
Migrating to ChangeColumnName (20210927192753)
  [1m[35m (0.2ms)[0m  [1m[35mBEGIN[0m
  [1m[35m (7.8ms)[0m  [1m[35mALTER TABLE "movies" RENAME COLUMN "name" TO "movie"[0m
  [1m[36mActiveRecord::SchemaMigration Create (0.3ms)[0m  [1m[32mINSERT INTO "schema_migrations" ("version") VALUES ($1) RETURNING "version"[0m  [["version", "20210927192753"]]
  [1m[35m (1.6ms)[0m  [1m[35mCOMMIT[0m
  [1m[36mActiveRecord::InternalMetadata Load (0.3ms)[0m  [1m[34mSELECT "ar_internal_metadata".* FROM "ar_internal_metadata" WHERE "ar_internal_metadata"."key" = $1 LIMIT $2[0m  [["key", "environment"], ["LIMIT", 1]]
  [1m[35m (0.3ms)[0m  [1m[34mSELECT pg_advisory_unlock(4655913620019261705)[0m
  [1m[35m (0.5ms)[0m  [1m[34mSELECT "schema_migrations"."version" FROM "schema_migrations" ORDER BY "schema_migrations"."version" ASC[0m
Started POST "/movies/import" for ::1 at 2021-09-27 21:29:07 +0200
  [1m[35m (0.3ms)[0m  [1m[34mSELECT "schema_migrations"."version" FROM "schema_migrations" ORDER BY "schema_migrations"."version" ASC[0m
Processing by MoviesController#import as HTML
  Parameters: {"authenticity_token"=>"5b9KJS4Dut9txnWXVBoT8KzTPC0sxvAb+GJ2oLAPPdI8vFtwSsGNyXK2skqXPfr3I8+Ls2Bmz7V7s2wEDPEypw==", "file"=>#<ActionDispatch::Http::UploadedFile:0x00007f18343991c8 @tempfile=#<Tempfile:/tmp/RackMultipart20210927-21066-e5pma8.csv>, @original_filename="movies.csv", @content_type="text/csv", @headers="Content-Disposition: form-data; name=\"file\"; filename=\"movies.csv\"\r\nContent-Type: text/csv\r\n">, "commit"=>"upload companies"}
Completed 500 Internal Server Error in 10ms (ActiveRecord: 2.3ms | Allocations: 7763)


  
ActiveModel::UnknownAttributeError (unknown attribute 'actor' for Movie.):
  
app/models/movie.rb:5:in `block in import'
app/models/movie.rb:3:in `import'
app/controllers/movies_controller.rb:60:in `import'
  [1m[35m (0.2ms)[0m  [1m[34mSELECT pg_try_advisory_lock(4655913620019261705)[0m
  [1m[35m (0.3ms)[0m  [1m[34mSELECT "schema_migrations"."version" FROM "schema_migrations" ORDER BY "schema_migrations"."version" ASC[0m
  [1m[36mActiveRecord::InternalMetadata Load (0.2ms)[0m  [1m[34mSELECT "ar_internal_metadata".* FROM "ar_internal_metadata" WHERE "ar_internal_metadata"."key" = $1 LIMIT $2[0m  [["key", "environment"], ["LIMIT", 1]]
  [1m[35m (0.2ms)[0m  [1m[34mSELECT pg_advisory_unlock(4655913620019261705)[0m
  [1m[35m (0.4ms)[0m  [1m[34mSELECT "schema_migrations"."version" FROM "schema_migrations" ORDER BY "schema_migrations"."version" ASC[0m
Started POST "/movies/import" for ::1 at 2021-09-27 21:29:46 +0200
Processing by MoviesController#import as HTML
  Parameters: {"authenticity_token"=>"5b9KJS4Dut9txnWXVBoT8KzTPC0sxvAb+GJ2oLAPPdI8vFtwSsGNyXK2skqXPfr3I8+Ls2Bmz7V7s2wEDPEypw==", "file"=>#<ActionDispatch::Http::UploadedFile:0x00007f182c2ca128 @tempfile=#<Tempfile:/tmp/RackMultipart20210927-21066-5n56d1.csv>, @original_filename="movies.csv", @content_type="text/csv", @headers="Content-Disposition: form-data; name=\"file\"; filename=\"movies.csv\"\r\nContent-Type: text/csv\r\n">, "commit"=>"upload companies"}
Completed 500 Internal Server Error in 11ms (ActiveRecord: 2.4ms | Allocations: 7661)


  
ActiveModel::UnknownAttributeError (unknown attribute 'actor' for Movie.):
  
app/models/movie.rb:5:in `block in import'
app/models/movie.rb:3:in `import'
app/controllers/movies_controller.rb:60:in `import'
  [1m[35m (0.1ms)[0m  [1m[34mSELECT pg_try_advisory_lock(4655913620019261705)[0m
  [1m[35m (0.3ms)[0m  [1m[34mSELECT "schema_migrations"."version" FROM "schema_migrations" ORDER BY "schema_migrations"."version" ASC[0m
  [1m[36mActiveRecord::InternalMetadata Load (0.3ms)[0m  [1m[34mSELECT "ar_internal_metadata".* FROM "ar_internal_metadata" WHERE "ar_internal_metadata"."key" = $1 LIMIT $2[0m  [["key", "environment"], ["LIMIT", 1]]
  [1m[35m (0.2ms)[0m  [1m[34mSELECT pg_advisory_unlock(4655913620019261705)[0m
  [1m[35m (0.3ms)[0m  [1m[34mSELECT "schema_migrations"."version" FROM "schema_migrations" ORDER BY "schema_migrations"."version" ASC[0m
  [1m[35m (0.4ms)[0m  [1m[34mSELECT "schema_migrations"."version" FROM "schema_migrations" ORDER BY "schema_migrations"."version" ASC[0m
  [1m[35m (0.3ms)[0m  [1m[34mSELECT "ar_internal_metadata"."value" FROM "ar_internal_metadata" WHERE "ar_internal_metadata"."key" = $1[0m  [["key", "environment"]]
  [1m[35m (0.2ms)[0m  [1m[34mSELECT "schema_migrations"."version" FROM "schema_migrations" ORDER BY "schema_migrations"."version" ASC[0m
  [1m[35m (0.2ms)[0m  [1m[34mSELECT "ar_internal_metadata"."value" FROM "ar_internal_metadata" WHERE "ar_internal_metadata"."key" = $1[0m  [["key", "environment"]]
  [1m[35m (0.2ms)[0m  [1m[34mSELECT "schema_migrations"."version" FROM "schema_migrations" ORDER BY "schema_migrations"."version" ASC[0m
  [1m[35m (0.2ms)[0m  [1m[34mSELECT "ar_internal_metadata"."value" FROM "ar_internal_metadata" WHERE "ar_internal_metadata"."key" = $1[0m  [["key", "environment"]]
  [1m[35m (5026.8ms)[0m  [1m[35mDROP DATABASE IF EXISTS "qidz_test_development"[0m
  [1m[35m (0.2ms)[0m  [1m[34mSELECT pg_try_advisory_lock(4655913620019261705)[0m
  [1m[35m (0.4ms)[0m  [1m[34mSELECT "schema_migrations"."version" FROM "schema_migrations" ORDER BY "schema_migrations"."version" ASC[0m
  [1m[36mActiveRecord::InternalMetadata Load (0.3ms)[0m  [1m[34mSELECT "ar_internal_metadata".* FROM "ar_internal_metadata" WHERE "ar_internal_metadata"."key" = $1 LIMIT $2[0m  [["key", "environment"], ["LIMIT", 1]]
  [1m[35m (0.2ms)[0m  [1m[34mSELECT pg_advisory_unlock(4655913620019261705)[0m
  [1m[35m (0.4ms)[0m  [1m[34mSELECT "schema_migrations"."version" FROM "schema_migrations" ORDER BY "schema_migrations"."version" ASC[0m
Started POST "/movies/import" for ::1 at 2021-09-27 21:30:59 +0200
Processing by MoviesController#import as HTML
  Parameters: {"authenticity_token"=>"5b9KJS4Dut9txnWXVBoT8KzTPC0sxvAb+GJ2oLAPPdI8vFtwSsGNyXK2skqXPfr3I8+Ls2Bmz7V7s2wEDPEypw==", "file"=>#<ActionDispatch::Http::UploadedFile:0x0000564194db63a8 @tempfile=#<Tempfile:/tmp/RackMultipart20210927-21066-1lxu42s.csv>, @original_filename="movies.csv", @content_type="text/csv", @headers="Content-Disposition: form-data; name=\"file\"; filename=\"movies.csv\"\r\nContent-Type: text/csv\r\n">, "commit"=>"upload companies"}
Completed 500 Internal Server Error in 10ms (ActiveRecord: 2.4ms | Allocations: 7655)


  
ActiveModel::UnknownAttributeError (unknown attribute 'actor' for Movie.):
  
app/models/movie.rb:5:in `block in import'
app/models/movie.rb:3:in `import'
app/controllers/movies_controller.rb:60:in `import'
  [1m[35m (0.1ms)[0m  [1m[34mSELECT pg_try_advisory_lock(4655913620019261705)[0m
  [1m[35m (0.6ms)[0m  [1m[34mSELECT "schema_migrations"."version" FROM "schema_migrations" ORDER BY "schema_migrations"."version" ASC[0m
Migrating to AddActorToMovie (20210927193155)
  [1m[35m (0.2ms)[0m  [1m[35mBEGIN[0m
  [1m[35m (0.5ms)[0m  [1m[35mALTER TABLE "movies" ADD "actor" character varying[0m
  [1m[36mActiveRecord::SchemaMigration Create (0.4ms)[0m  [1m[32mINSERT INTO "schema_migrations" ("version") VALUES ($1) RETURNING "version"[0m  [["version", "20210927193155"]]
  [1m[35m (1.5ms)[0m  [1m[35mCOMMIT[0m
  [1m[36mActiveRecord::InternalMetadata Load (0.6ms)[0m  [1m[34mSELECT "ar_internal_metadata".* FROM "ar_internal_metadata" WHERE "ar_internal_metadata"."key" = $1 LIMIT $2[0m  [["key", "environment"], ["LIMIT", 1]]
  [1m[35m (0.6ms)[0m  [1m[34mSELECT pg_advisory_unlock(4655913620019261705)[0m
  [1m[35m (0.8ms)[0m  [1m[34mSELECT "schema_migrations"."version" FROM "schema_migrations" ORDER BY "schema_migrations"."version" ASC[0m
Started POST "/movies/import" for ::1 at 2021-09-27 21:32:13 +0200
  [1m[35m (0.2ms)[0m  [1m[34mSELECT "schema_migrations"."version" FROM "schema_migrations" ORDER BY "schema_migrations"."version" ASC[0m
Processing by MoviesController#import as HTML
  Parameters: {"authenticity_token"=>"5b9KJS4Dut9txnWXVBoT8KzTPC0sxvAb+GJ2oLAPPdI8vFtwSsGNyXK2skqXPfr3I8+Ls2Bmz7V7s2wEDPEypw==", "file"=>#<ActionDispatch::Http::UploadedFile:0x00005641948887f0 @tempfile=#<Tempfile:/tmp/RackMultipart20210927-21066-lria2s.csv>, @original_filename="movies.csv", @content_type="text/csv", @headers="Content-Disposition: form-data; name=\"file\"; filename=\"movies.csv\"\r\nContent-Type: text/csv\r\n">, "commit"=>"upload companies"}
Completed 500 Internal Server Error in 11ms (ActiveRecord: 2.5ms | Allocations: 8360)


  
ActiveModel::UnknownAttributeError (unknown attribute 'filming location' for Movie.):
  
app/models/movie.rb:5:in `block in import'
app/models/movie.rb:3:in `import'
app/controllers/movies_controller.rb:60:in `import'
  [1m[35m (0.1ms)[0m  [1m[34mSELECT pg_try_advisory_lock(4655913620019261705)[0m
  [1m[35m (0.4ms)[0m  [1m[34mSELECT "schema_migrations"."version" FROM "schema_migrations" ORDER BY "schema_migrations"."version" ASC[0m
Migrating to AddFilmingLocationToMovie (20210927193239)
  [1m[35m (0.1ms)[0m  [1m[35mBEGIN[0m
  [1m[35m (0.5ms)[0m  [1m[35mALTER TABLE "movies" ADD "actor" character varying[0m
  [1m[35m (0.1ms)[0m  [1m[31mROLLBACK[0m
  [1m[35m (0.3ms)[0m  [1m[34mSELECT pg_advisory_unlock(4655913620019261705)[0m
  [1m[35m (0.1ms)[0m  [1m[34mSELECT pg_try_advisory_lock(4655913620019261705)[0m
  [1m[35m (0.3ms)[0m  [1m[34mSELECT "schema_migrations"."version" FROM "schema_migrations" ORDER BY "schema_migrations"."version" ASC[0m
Migrating to AddFilmingLocationToMovie (20210927193333)
  [1m[35m (0.2ms)[0m  [1m[35mBEGIN[0m
  [1m[35m (0.4ms)[0m  [1m[35mALTER TABLE "movies" ADD "filming_location" character varying[0m
  [1m[36mActiveRecord::SchemaMigration Create (0.3ms)[0m  [1m[32mINSERT INTO "schema_migrations" ("version") VALUES ($1) RETURNING "version"[0m  [["version", "20210927193333"]]
  [1m[35m (8.2ms)[0m  [1m[35mCOMMIT[0m
  [1m[36mActiveRecord::InternalMetadata Load (0.5ms)[0m  [1m[34mSELECT "ar_internal_metadata".* FROM "ar_internal_metadata" WHERE "ar_internal_metadata"."key" = $1 LIMIT $2[0m  [["key", "environment"], ["LIMIT", 1]]
  [1m[35m (0.3ms)[0m  [1m[34mSELECT pg_advisory_unlock(4655913620019261705)[0m
  [1m[35m (0.5ms)[0m  [1m[34mSELECT "schema_migrations"."version" FROM "schema_migrations" ORDER BY "schema_migrations"."version" ASC[0m
Started POST "/movies/import" for ::1 at 2021-09-27 21:33:47 +0200
  [1m[35m (0.2ms)[0m  [1m[34mSELECT "schema_migrations"."version" FROM "schema_migrations" ORDER BY "schema_migrations"."version" ASC[0m
Processing by MoviesController#import as HTML
  Parameters: {"authenticity_token"=>"5b9KJS4Dut9txnWXVBoT8KzTPC0sxvAb+GJ2oLAPPdI8vFtwSsGNyXK2skqXPfr3I8+Ls2Bmz7V7s2wEDPEypw==", "file"=>#<ActionDispatch::Http::UploadedFile:0x00007f182c2d4b78 @tempfile=#<Tempfile:/tmp/RackMultipart20210927-21066-b0rneu.csv>, @original_filename="movies.csv", @content_type="text/csv", @headers="Content-Disposition: form-data; name=\"file\"; filename=\"movies.csv\"\r\nContent-Type: text/csv\r\n">, "commit"=>"upload companies"}
Completed 500 Internal Server Error in 11ms (ActiveRecord: 2.0ms | Allocations: 9023)


  
ActiveModel::UnknownAttributeError (unknown attribute 'filming location' for Movie.):
  
app/models/movie.rb:5:in `block in import'
app/models/movie.rb:3:in `import'
app/controllers/movies_controller.rb:60:in `import'
Started POST "/movies/import" for ::1 at 2021-09-27 21:34:23 +0200
Processing by MoviesController#import as HTML
  Parameters: {"authenticity_token"=>"5b9KJS4Dut9txnWXVBoT8KzTPC0sxvAb+GJ2oLAPPdI8vFtwSsGNyXK2skqXPfr3I8+Ls2Bmz7V7s2wEDPEypw==", "file"=>#<ActionDispatch::Http::UploadedFile:0x00007f18341b77b0 @tempfile=#<Tempfile:/tmp/RackMultipart20210927-21066-zhkd63.csv>, @original_filename="movies.csv", @content_type="text/csv", @headers="Content-Disposition: form-data; name=\"file\"; filename=\"movies.csv\"\r\nContent-Type: text/csv\r\n">, "commit"=>"upload companies"}
Completed 500 Internal Server Error in 2ms (ActiveRecord: 0.0ms | Allocations: 1331)


  
ActiveModel::UnknownAttributeError (unknown attribute 'filming location' for Movie.):
  
app/models/movie.rb:5:in `block in import'
app/models/movie.rb:3:in `import'
app/controllers/movies_controller.rb:60:in `import'
Started POST "/movies/import" for ::1 at 2021-09-27 21:34:28 +0200
Processing by MoviesController#import as HTML
  Parameters: {"authenticity_token"=>"5b9KJS4Dut9txnWXVBoT8KzTPC0sxvAb+GJ2oLAPPdI8vFtwSsGNyXK2skqXPfr3I8+Ls2Bmz7V7s2wEDPEypw==", "file"=>#<ActionDispatch::Http::UploadedFile:0x00007f18342c4450 @tempfile=#<Tempfile:/tmp/RackMultipart20210927-21066-ry1ccr.csv>, @original_filename="movies.csv", @content_type="text/csv", @headers="Content-Disposition: form-data; name=\"file\"; filename=\"movies.csv\"\r\nContent-Type: text/csv\r\n">, "commit"=>"upload companies"}
Completed 500 Internal Server Error in 2ms (ActiveRecord: 0.0ms | Allocations: 1337)


  
ActiveModel::UnknownAttributeError (unknown attribute 'filming location' for Movie.):
  
app/models/movie.rb:5:in `block in import'
app/models/movie.rb:3:in `import'
app/controllers/movies_controller.rb:60:in `import'
Started POST "/movies/import" for ::1 at 2021-09-27 21:35:32 +0200
Processing by MoviesController#import as HTML
  Parameters: {"authenticity_token"=>"5b9KJS4Dut9txnWXVBoT8KzTPC0sxvAb+GJ2oLAPPdI8vFtwSsGNyXK2skqXPfr3I8+Ls2Bmz7V7s2wEDPEypw==", "file"=>#<ActionDispatch::Http::UploadedFile:0x00007f182c2a0cb0 @tempfile=#<Tempfile:/tmp/RackMultipart20210927-21066-1cd738t.csv>, @original_filename="movies.csv", @content_type="text/csv", @headers="Content-Disposition: form-data; name=\"file\"; filename=\"movies.csv\"\r\nContent-Type: text/csv\r\n">, "commit"=>"upload companies"}
Completed 500 Internal Server Error in 10ms (ActiveRecord: 2.2ms | Allocations: 8982)


  
ActiveModel::UnknownAttributeError (unknown attribute 'filming location' for Movie.):
  
app/models/movie.rb:5:in `block in import'
app/models/movie.rb:3:in `import'
app/controllers/movies_controller.rb:60:in `import'
Started GET "/" for ::1 at 2021-09-27 22:09:15 +0200
Processing by Rails::WelcomeController#index as HTML
  Rendering /usr/share/rvm/gems/ruby-2.6.8/gems/railties-6.0.4.1/lib/rails/templates/rails/welcome/index.html.erb
  Rendered /usr/share/rvm/gems/ruby-2.6.8/gems/railties-6.0.4.1/lib/rails/templates/rails/welcome/index.html.erb (Duration: 17.9ms | Allocations: 189)
Completed 200 OK in 32ms (Views: 20.0ms | ActiveRecord: 0.0ms | Allocations: 1822)


Started GET "/movies" for ::1 at 2021-09-27 22:09:21 +0200
Processing by MoviesController#index as HTML
  Rendering movies/index.html.erb within layouts/application
  [1m[36mMovie Load (0.5ms)[0m  [1m[34mSELECT "movies".* FROM "movies" WHERE (actor LIKE '%%')[0m
  ↳ app/views/movies/index.html.erb:26
  Rendered movies/index.html.erb within layouts/application (Duration: 3.0ms | Allocations: 1922)
[Webpacker] Everything's up-to-date. Nothing to do
Completed 200 OK in 23ms (Views: 15.9ms | ActiveRecord: 0.5ms | Allocations: 8327)


Started GET "/movies/new" for ::1 at 2021-09-27 22:09:30 +0200
Processing by MoviesController#new as HTML
  Rendering movies/new.html.erb within layouts/application
  Rendered movies/_form.html.erb (Duration: 6.5ms | Allocations: 3667)
  Rendered movies/new.html.erb within layouts/application (Duration: 7.3ms | Allocations: 4022)
[Webpacker] Everything's up-to-date. Nothing to do
Completed 200 OK in 21ms (Views: 10.7ms | ActiveRecord: 0.0ms | Allocations: 14588)


Started GET "/movies/new" for ::1 at 2021-09-27 22:11:16 +0200
Processing by MoviesController#new as HTML
  Rendering movies/new.html.erb within layouts/application
  Rendered movies/_form.html.erb (Duration: 2.4ms | Allocations: 2005)
  Rendered movies/new.html.erb within layouts/application (Duration: 3.1ms | Allocations: 2356)
[Webpacker] Everything's up-to-date. Nothing to do
Completed 200 OK in 31ms (Views: 8.3ms | ActiveRecord: 4.1ms | Allocations: 15278)


Started POST "/movies" for ::1 at 2021-09-27 22:11:34 +0200
Processing by MoviesController#create as HTML
  Parameters: {"authenticity_token"=>"TU2kdF28RrU+t4B2jZ5/PNBZRKEUVwj0p2RkM+g2rAOUTrUhOX5xoyHHR6tOuZY7X0XzP1j3N1oktX6XVMijdg==", "movie"=>{"description"=>"hooala", "year"=>"2001", "director"=>"hhbkljdas", "actor"=>"hossam", "film_location"=>"us", "country"=>"us"}, "commit"=>"Create Movie"}
  [1m[35m (0.3ms)[0m  [1m[35mBEGIN[0m
  ↳ app/controllers/movies_controller.rb:27:in `block in create'
  [1m[36mMovie Create (2.7ms)[0m  [1m[32mINSERT INTO "movies" ("description", "year", "director", "film_location", "country", "created_at", "updated_at", "actor") VALUES ($1, $2, $3, $4, $5, $6, $7, $8) RETURNING "id"[0m  [["description", "hooala"], ["year", 2001], ["director", "hhbkljdas"], ["film_location", "us"], ["country", "us"], ["created_at", "2021-09-27 20:11:34.933492"], ["updated_at", "2021-09-27 20:11:34.933492"], ["actor", "hossam"]]
  ↳ app/controllers/movies_controller.rb:27:in `block in create'
  [1m[35m (1.8ms)[0m  [1m[35mCOMMIT[0m
  ↳ app/controllers/movies_controller.rb:27:in `block in create'
Redirected to http://localhost:3000/movies/2
Completed 302 Found in 12ms (ActiveRecord: 4.9ms | Allocations: 3763)


Started GET "/movies/2" for ::1 at 2021-09-27 22:11:34 +0200
Processing by MoviesController#show as HTML
  Parameters: {"id"=>"2"}
  [1m[36mMovie Load (0.3ms)[0m  [1m[34mSELECT "movies".* FROM "movies" WHERE "movies"."id" = $1 LIMIT $2[0m  [["id", 2], ["LIMIT", 1]]
  ↳ app/controllers/movies_controller.rb:67:in `set_movie'
  Rendering movies/show.html.erb within layouts/application
  Rendered movies/show.html.erb within layouts/application (Duration: 0.9ms | Allocations: 331)
[Webpacker] Everything's up-to-date. Nothing to do
Completed 200 OK in 11ms (Views: 6.3ms | ActiveRecord: 0.6ms | Allocations: 5383)


Started GET "/movies" for ::1 at 2021-09-27 22:11:45 +0200
Processing by MoviesController#index as HTML
  Rendering movies/index.html.erb within layouts/application
  [1m[36mMovie Load (0.4ms)[0m  [1m[34mSELECT "movies".* FROM "movies" WHERE (actor LIKE '%%')[0m
  ↳ app/views/movies/index.html.erb:27
  Rendered movies/index.html.erb within layouts/application (Duration: 10.6ms | Allocations: 4026)
Completed 500 Internal Server Error in 13ms (ActiveRecord: 0.4ms | Allocations: 5067)


  
ActionView::Template::Error (undefined method `review' for #<Movie:0x00007f1828a4d688>
Did you mean?  reviews
               reviews=):
    32:         <td><%= movie.actor %></td>
    33:         <td><%= movie.film_location %></td>
    34:         <td><%= movie.country %></td>
    35:         <td><%= movie.review %></td>
    36:         <td><%= link_to 'Show', movie %></td>
    37:         <td><%= link_to 'Edit', edit_movie_path(movie) %></td>
    38:         <td><%= link_to 'Destroy', movie, method: :delete, data: { confirm: 'Are you sure?' } %></td>
  
app/views/movies/index.html.erb:35
app/views/movies/index.html.erb:27
Started GET "/movies" for ::1 at 2021-09-27 22:12:09 +0200
Processing by MoviesController#index as HTML
  Rendering movies/index.html.erb within layouts/application
  [1m[36mMovie Load (0.4ms)[0m  [1m[34mSELECT "movies".* FROM "movies" WHERE (actor LIKE '%%')[0m
  ↳ app/views/movies/index.html.erb:26
  Rendered movies/index.html.erb within layouts/application (Duration: 4.5ms | Allocations: 1578)
[Webpacker] Everything's up-to-date. Nothing to do
Completed 200 OK in 23ms (Views: 20.6ms | ActiveRecord: 0.4ms | Allocations: 6413)


Started GET "/movies?serach=hossam&commit=Search+for+actor+" for ::1 at 2021-09-27 22:12:13 +0200
Processing by MoviesController#index as HTML
  Parameters: {"serach"=>"hossam", "commit"=>"Search for actor "}
  Rendering movies/index.html.erb within layouts/application
  [1m[36mMovie Load (0.6ms)[0m  [1m[34mSELECT "movies".* FROM "movies" WHERE (actor LIKE '%%')[0m
  ↳ app/views/movies/index.html.erb:26
  Rendered movies/index.html.erb within layouts/application (Duration: 3.5ms | Allocations: 1133)
[Webpacker] Everything's up-to-date. Nothing to do
Completed 200 OK in 10ms (Views: 8.1ms | ActiveRecord: 0.6ms | Allocations: 5046)


Started GET "/movies?serach=ali&commit=Search+for+actor+" for ::1 at 2021-09-27 22:12:17 +0200
Processing by MoviesController#index as HTML
  Parameters: {"serach"=>"ali", "commit"=>"Search for actor "}
  Rendering movies/index.html.erb within layouts/application
  [1m[36mMovie Load (0.4ms)[0m  [1m[34mSELECT "movies".* FROM "movies" WHERE (actor LIKE '%%')[0m
  ↳ app/views/movies/index.html.erb:26
  Rendered movies/index.html.erb within layouts/application (Duration: 2.8ms | Allocations: 1122)
[Webpacker] Everything's up-to-date. Nothing to do
Completed 200 OK in 9ms (Views: 7.1ms | ActiveRecord: 0.4ms | Allocations: 5018)


Started GET "/movies?serach=ali&commit=Search+for+actor+" for ::1 at 2021-09-27 22:12:21 +0200
Processing by MoviesController#index as HTML
  Parameters: {"serach"=>"ali", "commit"=>"Search for actor "}
  Rendering movies/index.html.erb within layouts/application
  [1m[36mMovie Load (0.5ms)[0m  [1m[34mSELECT "movies".* FROM "movies" WHERE (actor LIKE '%%')[0m
  ↳ app/views/movies/index.html.erb:26
  Rendered movies/index.html.erb within layouts/application (Duration: 3.0ms | Allocations: 1122)
[Webpacker] Everything's up-to-date. Nothing to do
Completed 200 OK in 12ms (Views: 10.0ms | ActiveRecord: 0.5ms | Allocations: 5037)


